2020-01-13 13:03:44 - Starting AssessmentApplication on wsticks with PID 3552 (C:\Users\williamsondrums\Downloads\assessment\target\classes started by williamsondrums in C:\Users\williamsondrums\Downloads\assessment)
2020-01-13 13:03:44 - No active profile set, falling back to default profiles: default
2020-01-13 13:03:44 - Refreshing org.springframework.boot.context.embedded.AnnotationConfigEmbeddedWebApplicationContext@190fc5b: startup date [Mon Jan 13 13:03:44 WAT 2020]; root of context hierarchy
2020-01-13 13:03:51 - JSR-330 'javax.inject.Inject' annotation found and supported for autowiring
2020-01-13 13:03:52 - Bean 'org.springframework.transaction.annotation.ProxyTransactionManagementConfiguration' of type [class org.springframework.transaction.annotation.ProxyTransactionManagementConfiguration$$EnhancerBySpringCGLIB$$864ac0b0] is not eligible for getting processed by all BeanPostProcessors (for example: not eligible for auto-proxying)
2020-01-13 13:03:53 - Tomcat initialized with port(s): 8680 (http)
2020-01-13 13:03:53 - Starting service Tomcat
2020-01-13 13:03:53 - Starting Servlet Engine: Apache Tomcat/8.5.6
2020-01-13 13:03:53 - Initializing Spring embedded WebApplicationContext
2020-01-13 13:03:53 - Root WebApplicationContext: initialization completed in 9460 ms
2020-01-13 13:03:55 - Mapping filter: 'metricsFilter' to: [/*]
2020-01-13 13:03:55 - Mapping filter: 'characterEncodingFilter' to: [/*]
2020-01-13 13:03:55 - Mapping filter: 'hiddenHttpMethodFilter' to: [/*]
2020-01-13 13:03:55 - Mapping filter: 'httpPutFormContentFilter' to: [/*]
2020-01-13 13:03:55 - Mapping filter: 'requestContextFilter' to: [/*]
2020-01-13 13:03:55 - Mapping filter: 'springSecurityFilterChain' to: [/*]
2020-01-13 13:03:55 - Mapping filter: 'webRequestLoggingFilter' to: [/*]
2020-01-13 13:03:55 - Mapping filter: 'applicationContextIdFilter' to: [/*]
2020-01-13 13:03:55 - Mapping servlet: 'dispatcherServlet' to [/]
2020-01-13 13:03:56 - Building JPA container EntityManagerFactory for persistence unit 'default'
2020-01-13 13:04:02 - Initialized JPA EntityManagerFactory for persistence unit 'default'
2020-01-13 13:04:05 - 

Using default security password: 99d644b2-abdc-4af9-b77c-9f496cf9963e

2020-01-13 13:04:05 - Creating filter chain: OrRequestMatcher [requestMatchers=[Ant [pattern='/css/**'], Ant [pattern='/js/**'], Ant [pattern='/images/**'], Ant [pattern='/webjars/**'], Ant [pattern='/**/favicon.ico'], Ant [pattern='/error']]], []
2020-01-13 13:04:06 - Creating filter chain: org.springframework.security.web.util.matcher.AnyRequestMatcher@1, [org.springframework.security.web.context.request.async.WebAsyncManagerIntegrationFilter@199dc60, org.springframework.security.web.context.SecurityContextPersistenceFilter@d66f6a, org.springframework.security.web.header.HeaderWriterFilter@11cdeb1, org.springframework.security.web.authentication.logout.LogoutFilter@336906, org.springframework.security.web.savedrequest.RequestCacheAwareFilter@18b2dec, org.springframework.security.web.servletapi.SecurityContextHolderAwareRequestFilter@387873, org.springframework.security.web.authentication.AnonymousAuthenticationFilter@1554635, org.springframework.security.web.session.SessionManagementFilter@1166f2e, org.springframework.security.web.access.ExceptionTranslationFilter@c3a4c2, org.springframework.security.web.access.intercept.FilterSecurityInterceptor@1c3df43]
2020-01-13 13:04:06 - Creating filter chain: org.springframework.boot.actuate.autoconfigure.ManagementWebSecurityAutoConfiguration$LazyEndpointPathRequestMatcher@106dfb6, [org.springframework.security.web.context.request.async.WebAsyncManagerIntegrationFilter@239223, org.springframework.security.web.context.SecurityContextPersistenceFilter@1881f40, org.springframework.security.web.header.HeaderWriterFilter@eaf9c1, org.springframework.security.web.authentication.logout.LogoutFilter@1082efa, org.springframework.security.web.authentication.www.BasicAuthenticationFilter@dd31a4, org.springframework.security.web.savedrequest.RequestCacheAwareFilter@14ce6b8, org.springframework.security.web.servletapi.SecurityContextHolderAwareRequestFilter@8b2b61, org.springframework.security.web.authentication.AnonymousAuthenticationFilter@8df8c6, org.springframework.security.web.session.SessionManagementFilter@1bf744b, org.springframework.security.web.access.ExceptionTranslationFilter@79c5ec, org.springframework.security.web.access.intercept.FilterSecurityInterceptor@150ce46]
2020-01-13 13:04:06 - Looking for @ControllerAdvice: org.springframework.boot.context.embedded.AnnotationConfigEmbeddedWebApplicationContext@190fc5b: startup date [Mon Jan 13 13:03:44 WAT 2020]; root of context hierarchy
2020-01-13 13:04:06 - Mapped "{[/student/{studentKey}],methods=[GET],produces=[application/json]}" onto public org.springframework.http.ResponseEntity<com.williams.assessment.model.response.AssessmentApiResponse> com.williams.assessment.controller.StudentController.getStudent(java.lang.String,java.lang.String) throws com.williams.assessment.exception.AssessmentApiException
2020-01-13 13:04:06 - Mapped "{[/student],methods=[POST],consumes=[application/json],produces=[application/json]}" onto public org.springframework.http.ResponseEntity<com.williams.assessment.model.response.AssessmentApiResponse> com.williams.assessment.controller.StudentController.createStudent(java.lang.String,com.williams.assessment.model.request.UpsertStudentRequest) throws java.lang.Exception
2020-01-13 13:04:06 - Mapped "{[/student/{studentKey}],methods=[PUT],consumes=[application/json],produces=[application/json]}" onto public org.springframework.http.ResponseEntity<com.williams.assessment.model.response.AssessmentApiResponse> com.williams.assessment.controller.StudentController.updateStudent(java.lang.String,java.lang.String,com.williams.assessment.model.request.UpsertStudentRequest) throws java.lang.Exception
2020-01-13 13:04:06 - Mapped "{[/student],methods=[GET],produces=[application/json]}" onto public org.springframework.http.ResponseEntity<com.williams.assessment.model.response.AssessmentApiResponse> com.williams.assessment.controller.StudentController.getAllStudent(java.lang.String,com.williams.assessment.model.request.StudentSearchRequest) throws com.williams.assessment.exception.AssessmentApiException
2020-01-13 13:04:06 - Mapped "{[/subjects/{subjectKey}],methods=[PUT],consumes=[application/json]}" onto public org.springframework.http.ResponseEntity<com.williams.assessment.model.response.AssessmentApiResponse> com.williams.assessment.controller.SubjectController.updateSubject(java.lang.String,java.lang.String,com.williams.assessment.model.request.UpsertSubjectRequest) throws java.lang.Exception
2020-01-13 13:04:06 - Mapped "{[/subjects],methods=[POST],consumes=[application/json],produces=[application/json]}" onto public org.springframework.http.ResponseEntity<com.williams.assessment.model.response.AssessmentApiResponse> com.williams.assessment.controller.SubjectController.createSubject(java.lang.String,com.williams.assessment.model.request.UpsertSubjectRequest) throws java.lang.Exception
2020-01-13 13:04:06 - Mapped "{[/subjects/{subjectKey}],methods=[GET],produces=[application/json]}" onto public org.springframework.http.ResponseEntity<com.williams.assessment.model.response.AssessmentApiResponse> com.williams.assessment.controller.SubjectController.viewSubject(java.lang.String,java.lang.String)
2020-01-13 13:04:06 - Mapped "{[/subjects],methods=[GET],produces=[application/json]}" onto public org.springframework.http.ResponseEntity<com.williams.assessment.model.response.AssessmentApiResponse> com.williams.assessment.controller.SubjectController.viewSubjects(java.lang.String,com.williams.assessment.model.request.SubjectSearchRequest) throws java.lang.Exception
2020-01-13 13:04:06 - Mapped "{[/records],methods=[POST],consumes=[application/json],produces=[application/json]}" onto public org.springframework.http.ResponseEntity<com.williams.assessment.model.response.AssessmentApiResponse> com.williams.assessment.controller.SubjectRecordController.createSubjectRecord(java.lang.String,com.williams.assessment.model.request.SubjectRecordRequest) throws java.lang.Exception
2020-01-13 13:04:06 - Mapped "{[/records],methods=[GET],produces=[application/json]}" onto public org.springframework.http.ResponseEntity<com.williams.assessment.model.response.AssessmentApiResponse> com.williams.assessment.controller.SubjectRecordController.viewRecords(java.lang.String,com.williams.assessment.model.request.SubjectRecordSearchRequest) throws com.williams.assessment.exception.AssessmentApiException
2020-01-13 13:04:06 - Mapped "{[/records],methods=[PUT],consumes=[application/json],produces=[application/json]}" onto public org.springframework.http.ResponseEntity<com.williams.assessment.model.response.AssessmentApiResponse> com.williams.assessment.controller.SubjectRecordController.updateRecord(java.lang.String,com.williams.assessment.model.request.SubjectRecordRequest) throws java.lang.Exception
2020-01-13 13:04:06 - Mapped "{[/records/{recordKey}],methods=[GET],produces=[application/json]}" onto public org.springframework.http.ResponseEntity<com.williams.assessment.model.response.AssessmentApiResponse> com.williams.assessment.controller.SubjectRecordController.viewRecord(java.lang.String,java.lang.String) throws com.williams.assessment.exception.AssessmentApiException
2020-01-13 13:04:06 - Mapped "{[/v1/users/{userKey}],methods=[PUT],produces=[application/json]}" onto public org.springframework.http.ResponseEntity<com.williams.assessment.model.response.AssessmentApiResponse> com.williams.assessment.controller.UserController.update(java.lang.String,com.williams.assessment.model.request.UpsertUserRequest,java.lang.String)
2020-01-13 13:04:06 - Mapped "{[/v1/users/{userKey}],produces=[application/json]}" onto public org.springframework.http.ResponseEntity<com.williams.assessment.model.response.AssessmentApiResponse> com.williams.assessment.controller.UserController.getUserInfo(java.lang.String,java.lang.String)
2020-01-13 13:04:06 - Mapped "{[/v1/users/logout],methods=[POST],produces=[application/json]}" onto public org.springframework.http.ResponseEntity<com.williams.assessment.model.response.AssessmentApiResponse> com.williams.assessment.controller.UserController.logout(java.lang.String)
2020-01-13 13:04:06 - Mapped "{[/v1/users],methods=[GET],produces=[application/json]}" onto public org.springframework.http.ResponseEntity<com.williams.assessment.model.response.AssessmentApiResponse> com.williams.assessment.controller.UserController.getUsers(java.lang.String,com.williams.assessment.model.request.UserSearchRequest) throws com.williams.assessment.exception.AssessmentApiException
2020-01-13 13:04:06 - Mapped "{[/v1/users/authenticate],methods=[POST],produces=[application/json]}" onto public org.springframework.http.ResponseEntity<com.williams.assessment.model.response.AssessmentApiResponse> com.williams.assessment.controller.UserController.authenticate(com.williams.assessment.model.request.AuthenticateUserRequest,org.springframework.validation.BindingResult) throws com.williams.assessment.exception.AssessmentApiException
2020-01-13 13:04:06 - Mapped "{[/v1/users/passwordchange],methods=[POST],produces=[application/json]}" onto public org.springframework.http.ResponseEntity<com.williams.assessment.model.response.AssessmentApiResponse> com.williams.assessment.controller.UserController.changePassword(com.williams.assessment.model.request.UpsertUserRequest,java.lang.String)
2020-01-13 13:04:06 - Mapped "{[/v1/users],methods=[POST],produces=[application/json]}" onto public org.springframework.http.ResponseEntity<com.williams.assessment.model.response.AssessmentApiResponse> com.williams.assessment.controller.UserController.toCreateUser(com.williams.assessment.model.request.UpsertUserRequest,org.springframework.validation.BindingResult)
2020-01-13 13:04:06 - Mapped "{[/error]}" onto public org.springframework.http.ResponseEntity<java.util.Map<java.lang.String, java.lang.Object>> org.springframework.boot.autoconfigure.web.BasicErrorController.error(javax.servlet.http.HttpServletRequest)
2020-01-13 13:04:06 - Mapped "{[/error],produces=[text/html]}" onto public org.springframework.web.servlet.ModelAndView org.springframework.boot.autoconfigure.web.BasicErrorController.errorHtml(javax.servlet.http.HttpServletRequest,javax.servlet.http.HttpServletResponse)
2020-01-13 13:04:07 - Mapped URL path [/webjars/**] onto handler of type [class org.springframework.web.servlet.resource.ResourceHttpRequestHandler]
2020-01-13 13:04:07 - Mapped URL path [/**] onto handler of type [class org.springframework.web.servlet.resource.ResourceHttpRequestHandler]
2020-01-13 13:04:07 - Mapped URL path [/**/favicon.ico] onto handler of type [class org.springframework.web.servlet.resource.ResourceHttpRequestHandler]
2020-01-13 13:04:08 - Setting server pool to a list of 1 servers: [http://localhost:9200]
2020-01-13 13:04:08 - Using single thread/connection supporting basic connection manager
2020-01-13 13:04:08 - Using custom GSON instance
2020-01-13 13:04:08 - Node Discovery disabled...
2020-01-13 13:04:08 - Idle connection reaping disabled...
2020-01-13 13:04:09 - Mapped "{[/mappings || /mappings.json],methods=[GET],produces=[application/json]}" onto public java.lang.Object org.springframework.boot.actuate.endpoint.mvc.EndpointMvcAdapter.invoke()
2020-01-13 13:04:09 - Mapped "{[/heapdump || /heapdump.json],methods=[GET],produces=[application/octet-stream]}" onto public void org.springframework.boot.actuate.endpoint.mvc.HeapdumpMvcEndpoint.invoke(boolean,javax.servlet.http.HttpServletRequest,javax.servlet.http.HttpServletResponse) throws java.io.IOException,javax.servlet.ServletException
2020-01-13 13:04:09 - Mapped "{[/health || /health.json],produces=[application/json]}" onto public java.lang.Object org.springframework.boot.actuate.endpoint.mvc.HealthMvcEndpoint.invoke(java.security.Principal)
2020-01-13 13:04:09 - Mapped "{[/autoconfig || /autoconfig.json],methods=[GET],produces=[application/json]}" onto public java.lang.Object org.springframework.boot.actuate.endpoint.mvc.EndpointMvcAdapter.invoke()
2020-01-13 13:04:09 - Mapped "{[/metrics/{name:.*}],methods=[GET],produces=[application/json]}" onto public java.lang.Object org.springframework.boot.actuate.endpoint.mvc.MetricsMvcEndpoint.value(java.lang.String)
2020-01-13 13:04:09 - Mapped "{[/metrics || /metrics.json],methods=[GET],produces=[application/json]}" onto public java.lang.Object org.springframework.boot.actuate.endpoint.mvc.EndpointMvcAdapter.invoke()
2020-01-13 13:04:09 - Mapped "{[/dump || /dump.json],methods=[GET],produces=[application/json]}" onto public java.lang.Object org.springframework.boot.actuate.endpoint.mvc.EndpointMvcAdapter.invoke()
2020-01-13 13:04:09 - Mapped "{[/trace || /trace.json],methods=[GET],produces=[application/json]}" onto public java.lang.Object org.springframework.boot.actuate.endpoint.mvc.EndpointMvcAdapter.invoke()
2020-01-13 13:04:09 - Mapped "{[/info || /info.json],methods=[GET],produces=[application/json]}" onto public java.lang.Object org.springframework.boot.actuate.endpoint.mvc.EndpointMvcAdapter.invoke()
2020-01-13 13:04:09 - Mapped "{[/logfile || /logfile.json],methods=[GET || HEAD]}" onto public void org.springframework.boot.actuate.endpoint.mvc.LogFileMvcEndpoint.invoke(javax.servlet.http.HttpServletRequest,javax.servlet.http.HttpServletResponse) throws javax.servlet.ServletException,java.io.IOException
2020-01-13 13:04:09 - Mapped "{[/env/{name:.*}],methods=[GET],produces=[application/json]}" onto public java.lang.Object org.springframework.boot.actuate.endpoint.mvc.EnvironmentMvcEndpoint.value(java.lang.String)
2020-01-13 13:04:09 - Mapped "{[/env || /env.json],methods=[GET],produces=[application/json]}" onto public java.lang.Object org.springframework.boot.actuate.endpoint.mvc.EndpointMvcAdapter.invoke()
2020-01-13 13:04:09 - Mapped "{[/beans || /beans.json],methods=[GET],produces=[application/json]}" onto public java.lang.Object org.springframework.boot.actuate.endpoint.mvc.EndpointMvcAdapter.invoke()
2020-01-13 13:04:09 - Mapped "{[/configprops || /configprops.json],methods=[GET],produces=[application/json]}" onto public java.lang.Object org.springframework.boot.actuate.endpoint.mvc.EndpointMvcAdapter.invoke()
2020-01-13 13:04:10 - Registering beans for JMX exposure on startup
2020-01-13 13:04:10 - Registering beans for JMX exposure on startup
2020-01-13 13:04:10 - Starting beans in phase 0
2020-01-13 13:04:10 - Located managed bean 'requestMappingEndpoint': registering with JMX server as MBean [org.springframework.boot:type=Endpoint,name=requestMappingEndpoint]
2020-01-13 13:04:10 - Located managed bean 'environmentEndpoint': registering with JMX server as MBean [org.springframework.boot:type=Endpoint,name=environmentEndpoint]
2020-01-13 13:04:10 - Located managed bean 'healthEndpoint': registering with JMX server as MBean [org.springframework.boot:type=Endpoint,name=healthEndpoint]
2020-01-13 13:04:10 - Located managed bean 'beansEndpoint': registering with JMX server as MBean [org.springframework.boot:type=Endpoint,name=beansEndpoint]
2020-01-13 13:04:10 - Located managed bean 'infoEndpoint': registering with JMX server as MBean [org.springframework.boot:type=Endpoint,name=infoEndpoint]
2020-01-13 13:04:10 - Located managed bean 'metricsEndpoint': registering with JMX server as MBean [org.springframework.boot:type=Endpoint,name=metricsEndpoint]
2020-01-13 13:04:10 - Located managed bean 'traceEndpoint': registering with JMX server as MBean [org.springframework.boot:type=Endpoint,name=traceEndpoint]
2020-01-13 13:04:10 - Located managed bean 'dumpEndpoint': registering with JMX server as MBean [org.springframework.boot:type=Endpoint,name=dumpEndpoint]
2020-01-13 13:04:10 - Located managed bean 'autoConfigurationReportEndpoint': registering with JMX server as MBean [org.springframework.boot:type=Endpoint,name=autoConfigurationReportEndpoint]
2020-01-13 13:04:10 - Located managed bean 'configurationPropertiesReportEndpoint': registering with JMX server as MBean [org.springframework.boot:type=Endpoint,name=configurationPropertiesReportEndpoint]
2020-01-13 13:04:10 - Initializing ProtocolHandler ["http-nio-8680"]
2020-01-13 13:04:10 - Starting ProtocolHandler [http-nio-8680]
2020-01-13 13:04:10 - Using a shared selector for servlet write/read
2020-01-13 13:04:10 - Tomcat started on port(s): 8680 (http)
2020-01-13 13:04:10 - Started AssessmentApplication in 27.99 seconds (JVM running for 33.512)
2020-01-13 13:07:18 - Initializing Spring FrameworkServlet 'dispatcherServlet'
2020-01-13 13:07:18 - FrameworkServlet 'dispatcherServlet': initialization started
2020-01-13 13:07:18 - FrameworkServlet 'dispatcherServlet': initialization completed in 149 ms
2020-01-13 15:51:20 - Starting AssessmentApplication on wsticks with PID 6680 (C:\Users\williamsondrums\Downloads\assessment\target\classes started by williamsondrums in C:\Users\williamsondrums\Downloads\assessment)
2020-01-13 15:51:20 - No active profile set, falling back to default profiles: default
2020-01-13 15:51:20 - Refreshing org.springframework.boot.context.embedded.AnnotationConfigEmbeddedWebApplicationContext@190fc5b: startup date [Mon Jan 13 15:51:20 WAT 2020]; root of context hierarchy
2020-01-13 15:51:27 - JSR-330 'javax.inject.Inject' annotation found and supported for autowiring
2020-01-13 15:51:28 - Bean 'org.springframework.transaction.annotation.ProxyTransactionManagementConfiguration' of type [class org.springframework.transaction.annotation.ProxyTransactionManagementConfiguration$$EnhancerBySpringCGLIB$$8cc265b2] is not eligible for getting processed by all BeanPostProcessors (for example: not eligible for auto-proxying)
2020-01-13 15:51:30 - Tomcat initialized with port(s): 8680 (http)
2020-01-13 15:51:30 - Starting service Tomcat
2020-01-13 15:51:30 - Starting Servlet Engine: Apache Tomcat/8.5.6
2020-01-13 15:51:30 - Initializing Spring embedded WebApplicationContext
2020-01-13 15:51:30 - Root WebApplicationContext: initialization completed in 10504 ms
2020-01-13 15:51:32 - Mapping filter: 'metricsFilter' to: [/*]
2020-01-13 15:51:32 - Mapping filter: 'characterEncodingFilter' to: [/*]
2020-01-13 15:51:32 - Mapping filter: 'hiddenHttpMethodFilter' to: [/*]
2020-01-13 15:51:32 - Mapping filter: 'httpPutFormContentFilter' to: [/*]
2020-01-13 15:51:32 - Mapping filter: 'requestContextFilter' to: [/*]
2020-01-13 15:51:32 - Mapping filter: 'springSecurityFilterChain' to: [/*]
2020-01-13 15:51:32 - Mapping filter: 'webRequestLoggingFilter' to: [/*]
2020-01-13 15:51:32 - Mapping filter: 'applicationContextIdFilter' to: [/*]
2020-01-13 15:51:32 - Mapping servlet: 'dispatcherServlet' to [/]
2020-01-13 15:51:33 - Building JPA container EntityManagerFactory for persistence unit 'default'
2020-01-13 15:51:40 - Initialized JPA EntityManagerFactory for persistence unit 'default'
2020-01-13 15:51:44 - 

Using default security password: b5b98478-1f82-4971-9efd-83db7a350218

2020-01-13 15:51:44 - Creating filter chain: OrRequestMatcher [requestMatchers=[Ant [pattern='/css/**'], Ant [pattern='/js/**'], Ant [pattern='/images/**'], Ant [pattern='/webjars/**'], Ant [pattern='/**/favicon.ico'], Ant [pattern='/error']]], []
2020-01-13 15:51:45 - Creating filter chain: org.springframework.security.web.util.matcher.AnyRequestMatcher@1, [org.springframework.security.web.context.request.async.WebAsyncManagerIntegrationFilter@792107, org.springframework.security.web.context.SecurityContextPersistenceFilter@1459bda, org.springframework.security.web.header.HeaderWriterFilter@1cc6a28, org.springframework.security.web.authentication.logout.LogoutFilter@848217, org.springframework.security.web.savedrequest.RequestCacheAwareFilter@1664323, org.springframework.security.web.servletapi.SecurityContextHolderAwareRequestFilter@48c398, org.springframework.security.web.authentication.AnonymousAuthenticationFilter@e19c86, org.springframework.security.web.session.SessionManagementFilter@2838eb, org.springframework.security.web.access.ExceptionTranslationFilter@30e30b, org.springframework.security.web.access.intercept.FilterSecurityInterceptor@5ffc58]
2020-01-13 15:51:45 - Creating filter chain: org.springframework.boot.actuate.autoconfigure.ManagementWebSecurityAutoConfiguration$LazyEndpointPathRequestMatcher@1dcf1b6, [org.springframework.security.web.context.request.async.WebAsyncManagerIntegrationFilter@13d0f75, org.springframework.security.web.context.SecurityContextPersistenceFilter@f4a3c0, org.springframework.security.web.header.HeaderWriterFilter@cd3460, org.springframework.security.web.authentication.logout.LogoutFilter@1d7bc1a, org.springframework.security.web.authentication.www.BasicAuthenticationFilter@ef0747, org.springframework.security.web.savedrequest.RequestCacheAwareFilter@495639, org.springframework.security.web.servletapi.SecurityContextHolderAwareRequestFilter@1c408a4, org.springframework.security.web.authentication.AnonymousAuthenticationFilter@10a320, org.springframework.security.web.session.SessionManagementFilter@a9a091, org.springframework.security.web.access.ExceptionTranslationFilter@1b82cd, org.springframework.security.web.access.intercept.FilterSecurityInterceptor@496c2d]
2020-01-13 15:51:45 - Looking for @ControllerAdvice: org.springframework.boot.context.embedded.AnnotationConfigEmbeddedWebApplicationContext@190fc5b: startup date [Mon Jan 13 15:51:20 WAT 2020]; root of context hierarchy
2020-01-13 15:51:45 - Mapped "{[/student],methods=[POST],consumes=[application/json],produces=[application/json]}" onto public org.springframework.http.ResponseEntity<com.williams.assessment.model.response.AssessmentApiResponse> com.williams.assessment.controller.StudentController.createStudent(java.lang.String,com.williams.assessment.model.request.UpsertStudentRequest) throws java.lang.Exception
2020-01-13 15:51:45 - Mapped "{[/student/{studentKey}],methods=[PUT],consumes=[application/json],produces=[application/json]}" onto public org.springframework.http.ResponseEntity<com.williams.assessment.model.response.AssessmentApiResponse> com.williams.assessment.controller.StudentController.updateStudent(java.lang.String,java.lang.String,com.williams.assessment.model.request.UpsertStudentRequest) throws java.lang.Exception
2020-01-13 15:51:45 - Mapped "{[/student/{studentKey}],methods=[GET],produces=[application/json]}" onto public org.springframework.http.ResponseEntity<com.williams.assessment.model.response.AssessmentApiResponse> com.williams.assessment.controller.StudentController.getStudent(java.lang.String,java.lang.String) throws com.williams.assessment.exception.AssessmentApiException
2020-01-13 15:51:45 - Mapped "{[/student],methods=[GET],produces=[application/json]}" onto public org.springframework.http.ResponseEntity<com.williams.assessment.model.response.AssessmentApiResponse> com.williams.assessment.controller.StudentController.getAllStudent(java.lang.String,com.williams.assessment.model.request.StudentSearchRequest) throws com.williams.assessment.exception.AssessmentApiException
2020-01-13 15:51:45 - Mapped "{[/subjects],methods=[POST],consumes=[application/json],produces=[application/json]}" onto public org.springframework.http.ResponseEntity<com.williams.assessment.model.response.AssessmentApiResponse> com.williams.assessment.controller.SubjectController.createSubject(java.lang.String,com.williams.assessment.model.request.UpsertSubjectRequest) throws java.lang.Exception
2020-01-13 15:51:45 - Mapped "{[/subjects/{subjectKey}],methods=[PUT],consumes=[application/json]}" onto public org.springframework.http.ResponseEntity<com.williams.assessment.model.response.AssessmentApiResponse> com.williams.assessment.controller.SubjectController.updateSubject(java.lang.String,java.lang.String,com.williams.assessment.model.request.UpsertSubjectRequest) throws java.lang.Exception
2020-01-13 15:51:45 - Mapped "{[/subjects/{subjectKey}],methods=[GET],produces=[application/json]}" onto public org.springframework.http.ResponseEntity<com.williams.assessment.model.response.AssessmentApiResponse> com.williams.assessment.controller.SubjectController.viewSubject(java.lang.String,java.lang.String)
2020-01-13 15:51:45 - Mapped "{[/subjects],methods=[GET],produces=[application/json]}" onto public org.springframework.http.ResponseEntity<com.williams.assessment.model.response.AssessmentApiResponse> com.williams.assessment.controller.SubjectController.viewSubjects(java.lang.String,com.williams.assessment.model.request.SubjectSearchRequest) throws java.lang.Exception
2020-01-13 15:51:45 - Mapped "{[/records],methods=[GET],produces=[application/json]}" onto public org.springframework.http.ResponseEntity<com.williams.assessment.model.response.AssessmentApiResponse> com.williams.assessment.controller.SubjectRecordController.viewRecords(java.lang.String,com.williams.assessment.model.request.SubjectRecordSearchRequest) throws com.williams.assessment.exception.AssessmentApiException
2020-01-13 15:51:45 - Mapped "{[/records/{recordKey}],methods=[GET],produces=[application/json]}" onto public org.springframework.http.ResponseEntity<com.williams.assessment.model.response.AssessmentApiResponse> com.williams.assessment.controller.SubjectRecordController.viewRecord(java.lang.String,java.lang.String) throws com.williams.assessment.exception.AssessmentApiException
2020-01-13 15:51:45 - Mapped "{[/records],methods=[PUT],consumes=[application/json],produces=[application/json]}" onto public org.springframework.http.ResponseEntity<com.williams.assessment.model.response.AssessmentApiResponse> com.williams.assessment.controller.SubjectRecordController.updateRecord(java.lang.String,com.williams.assessment.model.request.SubjectRecordRequest) throws java.lang.Exception
2020-01-13 15:51:45 - Mapped "{[/records],methods=[POST],consumes=[application/json],produces=[application/json]}" onto public org.springframework.http.ResponseEntity<com.williams.assessment.model.response.AssessmentApiResponse> com.williams.assessment.controller.SubjectRecordController.createSubjectRecord(java.lang.String,com.williams.assessment.model.request.SubjectRecordRequest) throws java.lang.Exception
2020-01-13 15:51:45 - Mapped "{[/v1/users/{userKey}],methods=[PUT],produces=[application/json]}" onto public org.springframework.http.ResponseEntity<com.williams.assessment.model.response.AssessmentApiResponse> com.williams.assessment.controller.UserController.update(java.lang.String,com.williams.assessment.model.request.UpsertUserRequest,java.lang.String)
2020-01-13 15:51:45 - Mapped "{[/v1/users/{userKey}],produces=[application/json]}" onto public org.springframework.http.ResponseEntity<com.williams.assessment.model.response.AssessmentApiResponse> com.williams.assessment.controller.UserController.getUserInfo(java.lang.String,java.lang.String)
2020-01-13 15:51:45 - Mapped "{[/v1/users/authenticate],methods=[POST],produces=[application/json]}" onto public org.springframework.http.ResponseEntity<com.williams.assessment.model.response.AssessmentApiResponse> com.williams.assessment.controller.UserController.authenticate(com.williams.assessment.model.request.AuthenticateUserRequest,org.springframework.validation.BindingResult) throws com.williams.assessment.exception.AssessmentApiException
2020-01-13 15:51:45 - Mapped "{[/v1/users/passwordchange],methods=[POST],produces=[application/json]}" onto public org.springframework.http.ResponseEntity<com.williams.assessment.model.response.AssessmentApiResponse> com.williams.assessment.controller.UserController.changePassword(com.williams.assessment.model.request.UpsertUserRequest,java.lang.String)
2020-01-13 15:51:45 - Mapped "{[/v1/users],methods=[POST],produces=[application/json]}" onto public org.springframework.http.ResponseEntity<com.williams.assessment.model.response.AssessmentApiResponse> com.williams.assessment.controller.UserController.toCreateUser(com.williams.assessment.model.request.UpsertUserRequest,org.springframework.validation.BindingResult)
2020-01-13 15:51:45 - Mapped "{[/v1/users],methods=[GET],produces=[application/json]}" onto public org.springframework.http.ResponseEntity<com.williams.assessment.model.response.AssessmentApiResponse> com.williams.assessment.controller.UserController.getUsers(java.lang.String,com.williams.assessment.model.request.UserSearchRequest) throws com.williams.assessment.exception.AssessmentApiException
2020-01-13 15:51:45 - Mapped "{[/v1/users/logout],methods=[POST],produces=[application/json]}" onto public org.springframework.http.ResponseEntity<com.williams.assessment.model.response.AssessmentApiResponse> com.williams.assessment.controller.UserController.logout(java.lang.String)
2020-01-13 15:51:45 - Mapped "{[/error]}" onto public org.springframework.http.ResponseEntity<java.util.Map<java.lang.String, java.lang.Object>> org.springframework.boot.autoconfigure.web.BasicErrorController.error(javax.servlet.http.HttpServletRequest)
2020-01-13 15:51:45 - Mapped "{[/error],produces=[text/html]}" onto public org.springframework.web.servlet.ModelAndView org.springframework.boot.autoconfigure.web.BasicErrorController.errorHtml(javax.servlet.http.HttpServletRequest,javax.servlet.http.HttpServletResponse)
2020-01-13 15:51:46 - Mapped URL path [/webjars/**] onto handler of type [class org.springframework.web.servlet.resource.ResourceHttpRequestHandler]
2020-01-13 15:51:46 - Mapped URL path [/**] onto handler of type [class org.springframework.web.servlet.resource.ResourceHttpRequestHandler]
2020-01-13 15:51:46 - Mapped URL path [/**/favicon.ico] onto handler of type [class org.springframework.web.servlet.resource.ResourceHttpRequestHandler]
2020-01-13 15:51:47 - Setting server pool to a list of 1 servers: [http://localhost:9200]
2020-01-13 15:51:47 - Using single thread/connection supporting basic connection manager
2020-01-13 15:51:47 - Using custom GSON instance
2020-01-13 15:51:47 - Node Discovery disabled...
2020-01-13 15:51:47 - Idle connection reaping disabled...
2020-01-13 15:51:49 - Mapped "{[/health || /health.json],produces=[application/json]}" onto public java.lang.Object org.springframework.boot.actuate.endpoint.mvc.HealthMvcEndpoint.invoke(java.security.Principal)
2020-01-13 15:51:49 - Mapped "{[/autoconfig || /autoconfig.json],methods=[GET],produces=[application/json]}" onto public java.lang.Object org.springframework.boot.actuate.endpoint.mvc.EndpointMvcAdapter.invoke()
2020-01-13 15:51:49 - Mapped "{[/heapdump || /heapdump.json],methods=[GET],produces=[application/octet-stream]}" onto public void org.springframework.boot.actuate.endpoint.mvc.HeapdumpMvcEndpoint.invoke(boolean,javax.servlet.http.HttpServletRequest,javax.servlet.http.HttpServletResponse) throws java.io.IOException,javax.servlet.ServletException
2020-01-13 15:51:49 - Mapped "{[/trace || /trace.json],methods=[GET],produces=[application/json]}" onto public java.lang.Object org.springframework.boot.actuate.endpoint.mvc.EndpointMvcAdapter.invoke()
2020-01-13 15:51:49 - Mapped "{[/metrics/{name:.*}],methods=[GET],produces=[application/json]}" onto public java.lang.Object org.springframework.boot.actuate.endpoint.mvc.MetricsMvcEndpoint.value(java.lang.String)
2020-01-13 15:51:49 - Mapped "{[/metrics || /metrics.json],methods=[GET],produces=[application/json]}" onto public java.lang.Object org.springframework.boot.actuate.endpoint.mvc.EndpointMvcAdapter.invoke()
2020-01-13 15:51:49 - Mapped "{[/info || /info.json],methods=[GET],produces=[application/json]}" onto public java.lang.Object org.springframework.boot.actuate.endpoint.mvc.EndpointMvcAdapter.invoke()
2020-01-13 15:51:49 - Mapped "{[/beans || /beans.json],methods=[GET],produces=[application/json]}" onto public java.lang.Object org.springframework.boot.actuate.endpoint.mvc.EndpointMvcAdapter.invoke()
2020-01-13 15:51:49 - Mapped "{[/dump || /dump.json],methods=[GET],produces=[application/json]}" onto public java.lang.Object org.springframework.boot.actuate.endpoint.mvc.EndpointMvcAdapter.invoke()
2020-01-13 15:51:49 - Mapped "{[/mappings || /mappings.json],methods=[GET],produces=[application/json]}" onto public java.lang.Object org.springframework.boot.actuate.endpoint.mvc.EndpointMvcAdapter.invoke()
2020-01-13 15:51:49 - Mapped "{[/env/{name:.*}],methods=[GET],produces=[application/json]}" onto public java.lang.Object org.springframework.boot.actuate.endpoint.mvc.EnvironmentMvcEndpoint.value(java.lang.String)
2020-01-13 15:51:49 - Mapped "{[/env || /env.json],methods=[GET],produces=[application/json]}" onto public java.lang.Object org.springframework.boot.actuate.endpoint.mvc.EndpointMvcAdapter.invoke()
2020-01-13 15:51:49 - Mapped "{[/configprops || /configprops.json],methods=[GET],produces=[application/json]}" onto public java.lang.Object org.springframework.boot.actuate.endpoint.mvc.EndpointMvcAdapter.invoke()
2020-01-13 15:51:49 - Mapped "{[/logfile || /logfile.json],methods=[GET || HEAD]}" onto public void org.springframework.boot.actuate.endpoint.mvc.LogFileMvcEndpoint.invoke(javax.servlet.http.HttpServletRequest,javax.servlet.http.HttpServletResponse) throws javax.servlet.ServletException,java.io.IOException
2020-01-13 15:51:50 - Registering beans for JMX exposure on startup
2020-01-13 15:51:50 - Registering beans for JMX exposure on startup
2020-01-13 15:51:50 - Starting beans in phase 0
2020-01-13 15:51:50 - Located managed bean 'requestMappingEndpoint': registering with JMX server as MBean [org.springframework.boot:type=Endpoint,name=requestMappingEndpoint]
2020-01-13 15:51:50 - Located managed bean 'environmentEndpoint': registering with JMX server as MBean [org.springframework.boot:type=Endpoint,name=environmentEndpoint]
2020-01-13 15:51:50 - Located managed bean 'healthEndpoint': registering with JMX server as MBean [org.springframework.boot:type=Endpoint,name=healthEndpoint]
2020-01-13 15:51:50 - Located managed bean 'beansEndpoint': registering with JMX server as MBean [org.springframework.boot:type=Endpoint,name=beansEndpoint]
2020-01-13 15:51:50 - Located managed bean 'infoEndpoint': registering with JMX server as MBean [org.springframework.boot:type=Endpoint,name=infoEndpoint]
2020-01-13 15:51:50 - Located managed bean 'metricsEndpoint': registering with JMX server as MBean [org.springframework.boot:type=Endpoint,name=metricsEndpoint]
2020-01-13 15:51:50 - Located managed bean 'traceEndpoint': registering with JMX server as MBean [org.springframework.boot:type=Endpoint,name=traceEndpoint]
2020-01-13 15:51:50 - Located managed bean 'dumpEndpoint': registering with JMX server as MBean [org.springframework.boot:type=Endpoint,name=dumpEndpoint]
2020-01-13 15:51:50 - Located managed bean 'autoConfigurationReportEndpoint': registering with JMX server as MBean [org.springframework.boot:type=Endpoint,name=autoConfigurationReportEndpoint]
2020-01-13 15:51:50 - Located managed bean 'configurationPropertiesReportEndpoint': registering with JMX server as MBean [org.springframework.boot:type=Endpoint,name=configurationPropertiesReportEndpoint]
2020-01-13 15:51:50 - Initializing ProtocolHandler ["http-nio-8680"]
2020-01-13 15:51:50 - Starting ProtocolHandler [http-nio-8680]
2020-01-13 15:51:50 - Using a shared selector for servlet write/read
2020-01-13 15:51:50 - Tomcat started on port(s): 8680 (http)
2020-01-13 15:51:50 - Started AssessmentApplication in 31.489 seconds (JVM running for 37.873)
