2020-02-03 11:45:54 - Starting AssessmentApplication on wsticks with PID 2768 (C:\Users\williamsondrums\Downloads\assessment\target\classes started by williamsondrums in C:\Users\williamsondrums\Downloads\assessment)
2020-02-03 11:45:54 - No active profile set, falling back to default profiles: default
2020-02-03 11:45:55 - Refreshing org.springframework.boot.context.embedded.AnnotationConfigEmbeddedWebApplicationContext@235045: startup date [Mon Feb 03 11:45:55 WAT 2020]; root of context hierarchy
2020-02-03 11:46:06 - JSR-330 'javax.inject.Inject' annotation found and supported for autowiring
2020-02-03 11:46:07 - Bean 'org.springframework.transaction.annotation.ProxyTransactionManagementConfiguration' of type [class org.springframework.transaction.annotation.ProxyTransactionManagementConfiguration$$EnhancerBySpringCGLIB$$7a00fd3] is not eligible for getting processed by all BeanPostProcessors (for example: not eligible for auto-proxying)
2020-02-03 11:46:08 - Tomcat initialized with port(s): 8680 (http)
2020-02-03 11:46:08 - Starting service Tomcat
2020-02-03 11:46:08 - Starting Servlet Engine: Apache Tomcat/8.5.6
2020-02-03 11:46:09 - Initializing Spring embedded WebApplicationContext
2020-02-03 11:46:09 - Root WebApplicationContext: initialization completed in 14140 ms
2020-02-03 11:46:10 - Mapping filter: 'metricsFilter' to: [/*]
2020-02-03 11:46:10 - Mapping filter: 'characterEncodingFilter' to: [/*]
2020-02-03 11:46:10 - Mapping filter: 'hiddenHttpMethodFilter' to: [/*]
2020-02-03 11:46:10 - Mapping filter: 'httpPutFormContentFilter' to: [/*]
2020-02-03 11:46:10 - Mapping filter: 'requestContextFilter' to: [/*]
2020-02-03 11:46:10 - Mapping filter: 'springSecurityFilterChain' to: [/*]
2020-02-03 11:46:10 - Mapping filter: 'webRequestLoggingFilter' to: [/*]
2020-02-03 11:46:10 - Mapping filter: 'applicationContextIdFilter' to: [/*]
2020-02-03 11:46:10 - Mapping servlet: 'dispatcherServlet' to [/]
2020-02-03 11:46:12 - Building JPA container EntityManagerFactory for persistence unit 'default'
2020-02-03 11:46:25 - Initialized JPA EntityManagerFactory for persistence unit 'default'
2020-02-03 11:46:29 - 

Using default security password: c2e819fa-21d2-4af6-924a-b27e51d89646

2020-02-03 11:46:30 - Creating filter chain: OrRequestMatcher [requestMatchers=[Ant [pattern='/css/**'], Ant [pattern='/js/**'], Ant [pattern='/images/**'], Ant [pattern='/webjars/**'], Ant [pattern='/**/favicon.ico'], Ant [pattern='/error']]], []
2020-02-03 11:46:30 - Creating filter chain: org.springframework.security.web.util.matcher.AnyRequestMatcher@1, [org.springframework.security.web.context.request.async.WebAsyncManagerIntegrationFilter@1927bc9, org.springframework.security.web.context.SecurityContextPersistenceFilter@1a484a9, org.springframework.security.web.header.HeaderWriterFilter@11d977f, org.springframework.security.web.authentication.logout.LogoutFilter@2be0cd, org.springframework.security.web.savedrequest.RequestCacheAwareFilter@2035e1, org.springframework.security.web.servletapi.SecurityContextHolderAwareRequestFilter@14c44b7, org.springframework.security.web.authentication.AnonymousAuthenticationFilter@3efafe, org.springframework.security.web.session.SessionManagementFilter@681097, org.springframework.security.web.access.ExceptionTranslationFilter@12e39ee, org.springframework.security.web.access.intercept.FilterSecurityInterceptor@19e120b]
2020-02-03 11:46:30 - Creating filter chain: org.springframework.boot.actuate.autoconfigure.ManagementWebSecurityAutoConfiguration$LazyEndpointPathRequestMatcher@1d64243, [org.springframework.security.web.context.request.async.WebAsyncManagerIntegrationFilter@f913a4, org.springframework.security.web.context.SecurityContextPersistenceFilter@1fc6ea7, org.springframework.security.web.header.HeaderWriterFilter@6f7434, org.springframework.security.web.authentication.logout.LogoutFilter@27b8eb, org.springframework.security.web.authentication.www.BasicAuthenticationFilter@1285693, org.springframework.security.web.savedrequest.RequestCacheAwareFilter@5708e7, org.springframework.security.web.servletapi.SecurityContextHolderAwareRequestFilter@1fa078d, org.springframework.security.web.authentication.AnonymousAuthenticationFilter@c3dcb, org.springframework.security.web.session.SessionManagementFilter@174452a, org.springframework.security.web.access.ExceptionTranslationFilter@75e3bc, org.springframework.security.web.access.intercept.FilterSecurityInterceptor@1924f15]
2020-02-03 11:46:31 - Looking for @ControllerAdvice: org.springframework.boot.context.embedded.AnnotationConfigEmbeddedWebApplicationContext@235045: startup date [Mon Feb 03 11:45:55 WAT 2020]; root of context hierarchy
2020-02-03 11:46:31 - Mapped "{[/feedback],methods=[POST]}" onto public void com.williams.assessment.controller.FeedBackController.sendFeedback(com.williams.assessment.FeedBack,org.springframework.validation.BindingResult)
2020-02-03 11:46:31 - Mapped "{[/student/{studentKey}],methods=[GET],produces=[application/json]}" onto public org.springframework.http.ResponseEntity<com.williams.assessment.model.response.AssessmentApiResponse> com.williams.assessment.controller.StudentController.getStudent(java.lang.String,java.lang.String) throws com.williams.assessment.exception.AssessmentApiException
2020-02-03 11:46:31 - Mapped "{[/student],methods=[POST],consumes=[application/json],produces=[application/json]}" onto public org.springframework.http.ResponseEntity<com.williams.assessment.model.response.AssessmentApiResponse> com.williams.assessment.controller.StudentController.createStudent(java.lang.String,com.williams.assessment.model.request.UpsertStudentRequest) throws java.lang.Exception
2020-02-03 11:46:31 - Mapped "{[/student/{studentKey}],methods=[PUT],consumes=[application/json],produces=[application/json]}" onto public org.springframework.http.ResponseEntity<com.williams.assessment.model.response.AssessmentApiResponse> com.williams.assessment.controller.StudentController.updateStudent(java.lang.String,java.lang.String,com.williams.assessment.model.request.UpsertStudentRequest) throws java.lang.Exception
2020-02-03 11:46:31 - Mapped "{[/student],methods=[GET],produces=[application/json]}" onto public org.springframework.http.ResponseEntity<com.williams.assessment.model.response.AssessmentApiResponse> com.williams.assessment.controller.StudentController.getAllStudent(java.lang.String,com.williams.assessment.model.request.StudentSearchRequest) throws com.williams.assessment.exception.AssessmentApiException
2020-02-03 11:46:31 - Mapped "{[/subjects],methods=[POST],consumes=[application/json],produces=[application/json]}" onto public org.springframework.http.ResponseEntity<com.williams.assessment.model.response.AssessmentApiResponse> com.williams.assessment.controller.SubjectController.createSubject(java.lang.String,com.williams.assessment.model.request.UpsertSubjectRequest) throws java.lang.Exception
2020-02-03 11:46:31 - Mapped "{[/subjects],methods=[GET],produces=[application/json]}" onto public org.springframework.http.ResponseEntity<com.williams.assessment.model.response.AssessmentApiResponse> com.williams.assessment.controller.SubjectController.viewSubjects(java.lang.String,com.williams.assessment.model.request.SubjectSearchRequest) throws java.lang.Exception
2020-02-03 11:46:31 - Mapped "{[/subjects/{subjectKey}],methods=[PUT],consumes=[application/json]}" onto public org.springframework.http.ResponseEntity<com.williams.assessment.model.response.AssessmentApiResponse> com.williams.assessment.controller.SubjectController.updateSubject(java.lang.String,java.lang.String,com.williams.assessment.model.request.UpsertSubjectRequest) throws java.lang.Exception
2020-02-03 11:46:31 - Mapped "{[/subjects/{subjectKey}],methods=[GET],produces=[application/json]}" onto public org.springframework.http.ResponseEntity<com.williams.assessment.model.response.AssessmentApiResponse> com.williams.assessment.controller.SubjectController.viewSubject(java.lang.String,java.lang.String)
2020-02-03 11:46:31 - Mapped "{[/records],methods=[POST],consumes=[application/json],produces=[application/json]}" onto public org.springframework.http.ResponseEntity<com.williams.assessment.model.response.AssessmentApiResponse> com.williams.assessment.controller.SubjectRecordController.createSubjectRecord(java.lang.String,com.williams.assessment.model.request.SubjectRecordRequest) throws java.lang.Exception
2020-02-03 11:46:31 - Mapped "{[/records],methods=[PUT],consumes=[application/json],produces=[application/json]}" onto public org.springframework.http.ResponseEntity<com.williams.assessment.model.response.AssessmentApiResponse> com.williams.assessment.controller.SubjectRecordController.updateRecord(java.lang.String,com.williams.assessment.model.request.SubjectRecordRequest) throws java.lang.Exception
2020-02-03 11:46:31 - Mapped "{[/records],methods=[GET],produces=[application/json]}" onto public org.springframework.http.ResponseEntity<com.williams.assessment.model.response.AssessmentApiResponse> com.williams.assessment.controller.SubjectRecordController.viewRecords(java.lang.String,com.williams.assessment.model.request.SubjectRecordSearchRequest) throws com.williams.assessment.exception.AssessmentApiException
2020-02-03 11:46:31 - Mapped "{[/records/{recordKey}],methods=[GET],produces=[application/json]}" onto public org.springframework.http.ResponseEntity<com.williams.assessment.model.response.AssessmentApiResponse> com.williams.assessment.controller.SubjectRecordController.viewRecord(java.lang.String,java.lang.String) throws com.williams.assessment.exception.AssessmentApiException
2020-02-03 11:46:31 - Mapped "{[/v1/users/{userKey}],methods=[PUT],produces=[application/json]}" onto public org.springframework.http.ResponseEntity<com.williams.assessment.model.response.AssessmentApiResponse> com.williams.assessment.controller.UserController.update(java.lang.String,com.williams.assessment.model.request.UpsertUserRequest,java.lang.String)
2020-02-03 11:46:31 - Mapped "{[/v1/users/{userKey}],produces=[application/json]}" onto public org.springframework.http.ResponseEntity<com.williams.assessment.model.response.AssessmentApiResponse> com.williams.assessment.controller.UserController.getUserInfo(java.lang.String,java.lang.String)
2020-02-03 11:46:31 - Mapped "{[/v1/users/authenticate],methods=[POST],produces=[application/json]}" onto public org.springframework.http.ResponseEntity<com.williams.assessment.model.response.AssessmentApiResponse> com.williams.assessment.controller.UserController.authenticate(com.williams.assessment.model.request.AuthenticateUserRequest,org.springframework.validation.BindingResult) throws com.williams.assessment.exception.AssessmentApiException
2020-02-03 11:46:31 - Mapped "{[/v1/users],methods=[GET],produces=[application/json]}" onto public org.springframework.http.ResponseEntity<com.williams.assessment.model.response.AssessmentApiResponse> com.williams.assessment.controller.UserController.getUsers(java.lang.String,com.williams.assessment.model.request.UserSearchRequest) throws com.williams.assessment.exception.AssessmentApiException
2020-02-03 11:46:31 - Mapped "{[/v1/users/logout],methods=[POST],produces=[application/json]}" onto public org.springframework.http.ResponseEntity<com.williams.assessment.model.response.AssessmentApiResponse> com.williams.assessment.controller.UserController.logout(java.lang.String)
2020-02-03 11:46:31 - Mapped "{[/v1/users],methods=[POST],produces=[application/json]}" onto public org.springframework.http.ResponseEntity<com.williams.assessment.model.response.AssessmentApiResponse> com.williams.assessment.controller.UserController.toCreateUser(com.williams.assessment.model.request.UpsertUserRequest,org.springframework.validation.BindingResult)
2020-02-03 11:46:31 - Mapped "{[/v1/users/passwordchange],methods=[POST],produces=[application/json]}" onto public org.springframework.http.ResponseEntity<com.williams.assessment.model.response.AssessmentApiResponse> com.williams.assessment.controller.UserController.changePassword(com.williams.assessment.model.request.UpsertUserRequest,java.lang.String)
2020-02-03 11:46:31 - Mapped "{[/error]}" onto public org.springframework.http.ResponseEntity<java.util.Map<java.lang.String, java.lang.Object>> org.springframework.boot.autoconfigure.web.BasicErrorController.error(javax.servlet.http.HttpServletRequest)
2020-02-03 11:46:31 - Mapped "{[/error],produces=[text/html]}" onto public org.springframework.web.servlet.ModelAndView org.springframework.boot.autoconfigure.web.BasicErrorController.errorHtml(javax.servlet.http.HttpServletRequest,javax.servlet.http.HttpServletResponse)
2020-02-03 11:46:31 - Mapped URL path [/webjars/**] onto handler of type [class org.springframework.web.servlet.resource.ResourceHttpRequestHandler]
2020-02-03 11:46:31 - Mapped URL path [/**] onto handler of type [class org.springframework.web.servlet.resource.ResourceHttpRequestHandler]
2020-02-03 11:46:32 - Mapped URL path [/**/favicon.ico] onto handler of type [class org.springframework.web.servlet.resource.ResourceHttpRequestHandler]
2020-02-03 11:46:33 - Setting server pool to a list of 1 servers: [http://localhost:9200]
2020-02-03 11:46:33 - Using single thread/connection supporting basic connection manager
2020-02-03 11:46:33 - Using custom GSON instance
2020-02-03 11:46:33 - Node Discovery disabled...
2020-02-03 11:46:33 - Idle connection reaping disabled...
2020-02-03 11:46:34 - Mapped "{[/health || /health.json],produces=[application/json]}" onto public java.lang.Object org.springframework.boot.actuate.endpoint.mvc.HealthMvcEndpoint.invoke(java.security.Principal)
2020-02-03 11:46:34 - Mapped "{[/logfile || /logfile.json],methods=[GET || HEAD]}" onto public void org.springframework.boot.actuate.endpoint.mvc.LogFileMvcEndpoint.invoke(javax.servlet.http.HttpServletRequest,javax.servlet.http.HttpServletResponse) throws javax.servlet.ServletException,java.io.IOException
2020-02-03 11:46:34 - Mapped "{[/trace || /trace.json],methods=[GET],produces=[application/json]}" onto public java.lang.Object org.springframework.boot.actuate.endpoint.mvc.EndpointMvcAdapter.invoke()
2020-02-03 11:46:34 - Mapped "{[/heapdump || /heapdump.json],methods=[GET],produces=[application/octet-stream]}" onto public void org.springframework.boot.actuate.endpoint.mvc.HeapdumpMvcEndpoint.invoke(boolean,javax.servlet.http.HttpServletRequest,javax.servlet.http.HttpServletResponse) throws java.io.IOException,javax.servlet.ServletException
2020-02-03 11:46:34 - Mapped "{[/dump || /dump.json],methods=[GET],produces=[application/json]}" onto public java.lang.Object org.springframework.boot.actuate.endpoint.mvc.EndpointMvcAdapter.invoke()
2020-02-03 11:46:34 - Mapped "{[/info || /info.json],methods=[GET],produces=[application/json]}" onto public java.lang.Object org.springframework.boot.actuate.endpoint.mvc.EndpointMvcAdapter.invoke()
2020-02-03 11:46:34 - Mapped "{[/autoconfig || /autoconfig.json],methods=[GET],produces=[application/json]}" onto public java.lang.Object org.springframework.boot.actuate.endpoint.mvc.EndpointMvcAdapter.invoke()
2020-02-03 11:46:34 - Mapped "{[/env/{name:.*}],methods=[GET],produces=[application/json]}" onto public java.lang.Object org.springframework.boot.actuate.endpoint.mvc.EnvironmentMvcEndpoint.value(java.lang.String)
2020-02-03 11:46:34 - Mapped "{[/env || /env.json],methods=[GET],produces=[application/json]}" onto public java.lang.Object org.springframework.boot.actuate.endpoint.mvc.EndpointMvcAdapter.invoke()
2020-02-03 11:46:34 - Mapped "{[/metrics/{name:.*}],methods=[GET],produces=[application/json]}" onto public java.lang.Object org.springframework.boot.actuate.endpoint.mvc.MetricsMvcEndpoint.value(java.lang.String)
2020-02-03 11:46:34 - Mapped "{[/metrics || /metrics.json],methods=[GET],produces=[application/json]}" onto public java.lang.Object org.springframework.boot.actuate.endpoint.mvc.EndpointMvcAdapter.invoke()
2020-02-03 11:46:34 - Mapped "{[/configprops || /configprops.json],methods=[GET],produces=[application/json]}" onto public java.lang.Object org.springframework.boot.actuate.endpoint.mvc.EndpointMvcAdapter.invoke()
2020-02-03 11:46:34 - Mapped "{[/mappings || /mappings.json],methods=[GET],produces=[application/json]}" onto public java.lang.Object org.springframework.boot.actuate.endpoint.mvc.EndpointMvcAdapter.invoke()
2020-02-03 11:46:34 - Mapped "{[/beans || /beans.json],methods=[GET],produces=[application/json]}" onto public java.lang.Object org.springframework.boot.actuate.endpoint.mvc.EndpointMvcAdapter.invoke()
2020-02-03 11:46:35 - Registering beans for JMX exposure on startup
2020-02-03 11:46:35 - Registering beans for JMX exposure on startup
2020-02-03 11:46:35 - Starting beans in phase 0
2020-02-03 11:46:35 - Located managed bean 'requestMappingEndpoint': registering with JMX server as MBean [org.springframework.boot:type=Endpoint,name=requestMappingEndpoint]
2020-02-03 11:46:35 - Located managed bean 'environmentEndpoint': registering with JMX server as MBean [org.springframework.boot:type=Endpoint,name=environmentEndpoint]
2020-02-03 11:46:35 - Located managed bean 'healthEndpoint': registering with JMX server as MBean [org.springframework.boot:type=Endpoint,name=healthEndpoint]
2020-02-03 11:46:35 - Located managed bean 'beansEndpoint': registering with JMX server as MBean [org.springframework.boot:type=Endpoint,name=beansEndpoint]
2020-02-03 11:46:35 - Located managed bean 'infoEndpoint': registering with JMX server as MBean [org.springframework.boot:type=Endpoint,name=infoEndpoint]
2020-02-03 11:46:35 - Located managed bean 'metricsEndpoint': registering with JMX server as MBean [org.springframework.boot:type=Endpoint,name=metricsEndpoint]
2020-02-03 11:46:35 - Located managed bean 'traceEndpoint': registering with JMX server as MBean [org.springframework.boot:type=Endpoint,name=traceEndpoint]
2020-02-03 11:46:35 - Located managed bean 'dumpEndpoint': registering with JMX server as MBean [org.springframework.boot:type=Endpoint,name=dumpEndpoint]
2020-02-03 11:46:35 - Located managed bean 'autoConfigurationReportEndpoint': registering with JMX server as MBean [org.springframework.boot:type=Endpoint,name=autoConfigurationReportEndpoint]
2020-02-03 11:46:35 - Located managed bean 'configurationPropertiesReportEndpoint': registering with JMX server as MBean [org.springframework.boot:type=Endpoint,name=configurationPropertiesReportEndpoint]
2020-02-03 11:46:36 - Initializing ProtocolHandler ["http-nio-8680"]
2020-02-03 11:46:36 - Starting ProtocolHandler [http-nio-8680]
2020-02-03 11:46:36 - Using a shared selector for servlet write/read
2020-02-03 11:46:36 - Tomcat started on port(s): 8680 (http)
2020-02-03 11:46:36 - Started AssessmentApplication in 44.688 seconds (JVM running for 57.675)
